<?xml version="1.0" encoding="UTF-8"?>
<!-- Generated by org.testng.reporters.JUnitXMLReporter -->
<testsuite hostname="umesh" ignored="0" name="Validating Title" tests="1" failures="1" timestamp="2020-08-02T17:44:30 IST" time="27.452" errors="0">
  <testcase name="courseNameTest" time="0.057" classname="MyFirstProject.ValidateTitle">
    <failure type="java.lang.AssertionError" message="expected [FEATURED 12COURSES] but found [FEATURED COURSES]">
      <![CDATA[java.lang.AssertionError: expected [FEATURED 12COURSES] but found [FEATURED COURSES]
at MyFirstProject.ValidateTitle.courseNameTest(ValidateTitle.java:43)
at java.util.ArrayList.forEach(ArrayList.java:1257)
... Removed 32 stack frames]]>
    </failure>
  </testcase> <!-- courseNameTest -->
</testsuite> <!-- Validating Title -->
