<?xml version="1.0" encoding="UTF-8"?>
<testng-results skipped="0" failed="1" ignored="0" total="4" passed="3">
  <reporter-output>
  </reporter-output>
  <suite name="Suite" duration-ms="65942" started-at="2020-08-06T18:32:01 IST" finished-at="2020-08-06T18:33:07 IST">
    <groups>
    </groups>
    <test name="Validating userLogin" duration-ms="30855" started-at="2020-08-06T18:32:01 IST" finished-at="2020-08-06T18:32:32 IST">
      <class name="MyFirstProject.HomePage">
        <test-method status="PASS" signature="initilization()[pri:0, instance:MyFirstProject.HomePage@505fc5a4]" name="initilization" is-config="true" duration-ms="10348" started-at="2020-08-06T18:32:01 IST" finished-at="2020-08-06T18:32:12 IST">
          <reporter-output>
          </reporter-output>
        </test-method> <!-- initilization -->
        <test-method status="PASS" signature="basePageNavigation(java.lang.String, java.lang.String)[pri:0, instance:MyFirstProject.HomePage@505fc5a4]" name="basePageNavigation" duration-ms="14739" started-at="2020-08-06T18:32:12 IST" data-provider="getData" finished-at="2020-08-06T18:32:26 IST">
          <params>
            <param index="0">
              <value>
                <![CDATA[abd@gmail.com]]>
              </value>
            </param>
            <param index="1">
              <value>
                <![CDATA[123466]]>
              </value>
            </param>
          </params>
          <reporter-output>
          </reporter-output>
        </test-method> <!-- basePageNavigation -->
        <test-method status="PASS" signature="basePageNavigation(java.lang.String, java.lang.String)[pri:0, instance:MyFirstProject.HomePage@505fc5a4]" name="basePageNavigation" duration-ms="4393" started-at="2020-08-06T18:32:26 IST" data-provider="getData" finished-at="2020-08-06T18:32:31 IST">
          <params>
            <param index="0">
              <value>
                <![CDATA[sjdjssjs@gmail.com]]>
              </value>
            </param>
            <param index="1">
              <value>
                <![CDATA[12djsfsj3466]]>
              </value>
            </param>
          </params>
          <reporter-output>
          </reporter-output>
        </test-method> <!-- basePageNavigation -->
        <test-method status="PASS" signature="tearDown()[pri:0, instance:MyFirstProject.HomePage@505fc5a4]" name="tearDown" is-config="true" duration-ms="1303" started-at="2020-08-06T18:32:31 IST" finished-at="2020-08-06T18:32:32 IST">
          <reporter-output>
          </reporter-output>
        </test-method> <!-- tearDown -->
      </class> <!-- MyFirstProject.HomePage -->
    </test> <!-- Validating userLogin -->
    <test name="Validating Title" duration-ms="16899" started-at="2020-08-06T18:32:33 IST" finished-at="2020-08-06T18:32:50 IST">
      <class name="MyFirstProject.ValidateTitle">
        <test-method status="PASS" signature="initilization()[pri:0, instance:MyFirstProject.ValidateTitle@1da2cb77]" name="initilization" is-config="true" duration-ms="7178" started-at="2020-08-06T18:32:33 IST" finished-at="2020-08-06T18:32:41 IST">
          <reporter-output>
          </reporter-output>
        </test-method> <!-- initilization -->
        <test-method status="FAIL" signature="courseNameTest()[pri:0, instance:MyFirstProject.ValidateTitle@1da2cb77]" name="courseNameTest" duration-ms="7840" started-at="2020-08-06T18:32:41 IST" finished-at="2020-08-06T18:32:48 IST">
          <exception class="java.lang.AssertionError">
            <message>
              <![CDATA[expected [FEATURED aCOURSES] but found [FEATURED COURSES]]]>
            </message>
            <full-stacktrace>
              <![CDATA[java.lang.AssertionError: expected [FEATURED aCOURSES] but found [FEATURED COURSES]
at org.testng.Assert.fail(Assert.java:97)
at org.testng.Assert.assertEqualsImpl(Assert.java:136)
at org.testng.Assert.assertEquals(Assert.java:118)
at org.testng.Assert.assertEquals(Assert.java:575)
at org.testng.Assert.assertEquals(Assert.java:585)
at MyFirstProject.ValidateTitle.courseNameTest(ValidateTitle.java:43)
at sun.reflect.NativeMethodAccessorImpl.invoke0(Native Method)
at sun.reflect.NativeMethodAccessorImpl.invoke(NativeMethodAccessorImpl.java:62)
at sun.reflect.DelegatingMethodAccessorImpl.invoke(DelegatingMethodAccessorImpl.java:43)
at java.lang.reflect.Method.invoke(Method.java:498)
at org.testng.internal.MethodInvocationHelper.invokeMethod(MethodInvocationHelper.java:134)
at org.testng.internal.TestInvoker.invokeMethod(TestInvoker.java:597)
at org.testng.internal.TestInvoker.invokeTestMethod(TestInvoker.java:173)
at org.testng.internal.MethodRunner.runInSequence(MethodRunner.java:46)
at org.testng.internal.TestInvoker$MethodInvocationAgent.invoke(TestInvoker.java:816)
at org.testng.internal.TestInvoker.invokeTestMethods(TestInvoker.java:146)
at org.testng.internal.TestMethodWorker.invokeTestMethods(TestMethodWorker.java:146)
at org.testng.internal.TestMethodWorker.run(TestMethodWorker.java:128)
at java.util.ArrayList.forEach(ArrayList.java:1257)
at org.testng.TestRunner.privateRun(TestRunner.java:766)
at org.testng.TestRunner.run(TestRunner.java:587)
at org.testng.SuiteRunner.runTest(SuiteRunner.java:384)
at org.testng.SuiteRunner.runSequentially(SuiteRunner.java:378)
at org.testng.SuiteRunner.privateRun(SuiteRunner.java:337)
at org.testng.SuiteRunner.run(SuiteRunner.java:286)
at org.testng.SuiteRunnerWorker.runSuite(SuiteRunnerWorker.java:53)
at org.testng.SuiteRunnerWorker.run(SuiteRunnerWorker.java:96)
at org.testng.TestNG.runSuitesSequentially(TestNG.java:1187)
at org.testng.TestNG.runSuitesLocally(TestNG.java:1109)
at org.testng.TestNG.runSuites(TestNG.java:1039)
at org.testng.TestNG.run(TestNG.java:1007)
at org.apache.maven.surefire.testng.TestNGExecutor.run(TestNGExecutor.java:284)
at org.apache.maven.surefire.testng.TestNGXmlTestSuite.execute(TestNGXmlTestSuite.java:75)
at org.apache.maven.surefire.testng.TestNGProvider.invoke(TestNGProvider.java:119)
at org.apache.maven.surefire.booter.ForkedBooter.runSuitesInProcess(ForkedBooter.java:428)
at org.apache.maven.surefire.booter.ForkedBooter.execute(ForkedBooter.java:162)
at org.apache.maven.surefire.booter.ForkedBooter.run(ForkedBooter.java:562)
at org.apache.maven.surefire.booter.ForkedBooter.main(ForkedBooter.java:548)
]]>
            </full-stacktrace>
          </exception> <!-- java.lang.AssertionError -->
          <reporter-output>
          </reporter-output>
        </test-method> <!-- courseNameTest -->
        <test-method status="PASS" signature="tearDown()[pri:0, instance:MyFirstProject.ValidateTitle@1da2cb77]" name="tearDown" is-config="true" duration-ms="897" started-at="2020-08-06T18:32:49 IST" finished-at="2020-08-06T18:32:50 IST">
          <reporter-output>
          </reporter-output>
        </test-method> <!-- tearDown -->
      </class> <!-- MyFirstProject.ValidateTitle -->
    </test> <!-- Validating Title -->
    <test name="Validating Navigation" duration-ms="16722" started-at="2020-08-06T18:32:51 IST" finished-at="2020-08-06T18:33:07 IST">
      <class name="MyFirstProject.ValidateNavigation">
        <test-method status="PASS" signature="initilization()[pri:0, instance:MyFirstProject.ValidateNavigation@6cd28fa7]" name="initilization" is-config="true" duration-ms="16041" started-at="2020-08-06T18:32:51 IST" finished-at="2020-08-06T18:33:07 IST">
          <reporter-output>
          </reporter-output>
        </test-method> <!-- initilization -->
        <test-method status="PASS" signature="cantactbtnTest()[pri:0, instance:MyFirstProject.ValidateNavigation@6cd28fa7]" name="cantactbtnTest" duration-ms="124" started-at="2020-08-06T18:33:07 IST" finished-at="2020-08-06T18:33:07 IST">
          <reporter-output>
          </reporter-output>
        </test-method> <!-- cantactbtnTest -->
        <test-method status="PASS" signature="tearDown()[pri:0, instance:MyFirstProject.ValidateNavigation@6cd28fa7]" name="tearDown" is-config="true" duration-ms="557" started-at="2020-08-06T18:33:07 IST" finished-at="2020-08-06T18:33:07 IST">
          <reporter-output>
          </reporter-output>
        </test-method> <!-- tearDown -->
      </class> <!-- MyFirstProject.ValidateNavigation -->
    </test> <!-- Validating Navigation -->
  </suite> <!-- Suite -->
</testng-results>
