<?xml version="1.0" encoding="UTF-8"?>
<testng-results skipped="0" failed="1" ignored="0" total="4" passed="3">
  <reporter-output>
  </reporter-output>
  <suite name="Suite" duration-ms="132095" started-at="2020-08-02T17:42:36 IST" finished-at="2020-08-02T17:44:48 IST">
    <groups>
    </groups>
    <test name="Validating userLogin" duration-ms="82372" started-at="2020-08-02T17:42:36 IST" finished-at="2020-08-02T17:43:58 IST">
      <class name="MyFirstProject.HomePage">
        <test-method status="PASS" signature="initilization()[pri:0, instance:MyFirstProject.HomePage@32502377]" name="initilization" is-config="true" duration-ms="22772" started-at="2020-08-02T17:42:36 IST" finished-at="2020-08-02T17:42:58 IST">
          <reporter-output>
          </reporter-output>
        </test-method> <!-- initilization -->
        <test-method status="PASS" signature="basePageNavigation(java.lang.String, java.lang.String)[pri:0, instance:MyFirstProject.HomePage@32502377]" name="basePageNavigation" duration-ms="39507" started-at="2020-08-02T17:42:58 IST" data-provider="getData" finished-at="2020-08-02T17:43:38 IST">
          <params>
            <param index="0">
              <value>
                <![CDATA[abd@gmail.com]]>
              </value>
            </param>
            <param index="1">
              <value>
                <![CDATA[123466]]>
              </value>
            </param>
          </params>
          <reporter-output>
          </reporter-output>
        </test-method> <!-- basePageNavigation -->
        <test-method status="PASS" signature="basePageNavigation(java.lang.String, java.lang.String)[pri:0, instance:MyFirstProject.HomePage@32502377]" name="basePageNavigation" duration-ms="18061" started-at="2020-08-02T17:43:38 IST" data-provider="getData" finished-at="2020-08-02T17:43:56 IST">
          <params>
            <param index="0">
              <value>
                <![CDATA[sjdjssjs@gmail.com]]>
              </value>
            </param>
            <param index="1">
              <value>
                <![CDATA[12djsfsj3466]]>
              </value>
            </param>
          </params>
          <reporter-output>
          </reporter-output>
        </test-method> <!-- basePageNavigation -->
        <test-method status="PASS" signature="tearDown()[pri:0, instance:MyFirstProject.HomePage@32502377]" name="tearDown" is-config="true" duration-ms="1911" started-at="2020-08-02T17:43:56 IST" finished-at="2020-08-02T17:43:58 IST">
          <reporter-output>
          </reporter-output>
        </test-method> <!-- tearDown -->
      </class> <!-- MyFirstProject.HomePage -->
    </test> <!-- Validating userLogin -->
    <test name="Validating Title" duration-ms="27452" started-at="2020-08-02T17:44:02 IST" finished-at="2020-08-02T17:44:30 IST">
      <class name="MyFirstProject.ValidateTitle">
        <test-method status="PASS" signature="initilization()[pri:0, instance:MyFirstProject.ValidateTitle@59505b48]" name="initilization" is-config="true" duration-ms="24408" started-at="2020-08-02T17:44:02 IST" finished-at="2020-08-02T17:44:27 IST">
          <reporter-output>
          </reporter-output>
        </test-method> <!-- initilization -->
        <test-method status="FAIL" signature="courseNameTest()[pri:0, instance:MyFirstProject.ValidateTitle@59505b48]" name="courseNameTest" duration-ms="57" started-at="2020-08-02T17:44:27 IST" finished-at="2020-08-02T17:44:27 IST">
          <exception class="java.lang.AssertionError">
            <message>
              <![CDATA[expected [FEATURED 12COURSES] but found [FEATURED COURSES]]]>
            </message>
            <full-stacktrace>
              <![CDATA[java.lang.AssertionError: expected [FEATURED 12COURSES] but found [FEATURED COURSES]
at org.testng.Assert.fail(Assert.java:97)
at org.testng.Assert.assertEqualsImpl(Assert.java:136)
at org.testng.Assert.assertEquals(Assert.java:118)
at org.testng.Assert.assertEquals(Assert.java:575)
at org.testng.Assert.assertEquals(Assert.java:585)
at MyFirstProject.ValidateTitle.courseNameTest(ValidateTitle.java:43)
at sun.reflect.NativeMethodAccessorImpl.invoke0(Native Method)
at sun.reflect.NativeMethodAccessorImpl.invoke(NativeMethodAccessorImpl.java:62)
at sun.reflect.DelegatingMethodAccessorImpl.invoke(DelegatingMethodAccessorImpl.java:43)
at java.lang.reflect.Method.invoke(Method.java:498)
at org.testng.internal.MethodInvocationHelper.invokeMethod(MethodInvocationHelper.java:134)
at org.testng.internal.TestInvoker.invokeMethod(TestInvoker.java:597)
at org.testng.internal.TestInvoker.invokeTestMethod(TestInvoker.java:173)
at org.testng.internal.MethodRunner.runInSequence(MethodRunner.java:46)
at org.testng.internal.TestInvoker$MethodInvocationAgent.invoke(TestInvoker.java:816)
at org.testng.internal.TestInvoker.invokeTestMethods(TestInvoker.java:146)
at org.testng.internal.TestMethodWorker.invokeTestMethods(TestMethodWorker.java:146)
at org.testng.internal.TestMethodWorker.run(TestMethodWorker.java:128)
at java.util.ArrayList.forEach(ArrayList.java:1257)
at org.testng.TestRunner.privateRun(TestRunner.java:766)
at org.testng.TestRunner.run(TestRunner.java:587)
at org.testng.SuiteRunner.runTest(SuiteRunner.java:384)
at org.testng.SuiteRunner.runSequentially(SuiteRunner.java:378)
at org.testng.SuiteRunner.privateRun(SuiteRunner.java:337)
at org.testng.SuiteRunner.run(SuiteRunner.java:286)
at org.testng.SuiteRunnerWorker.runSuite(SuiteRunnerWorker.java:53)
at org.testng.SuiteRunnerWorker.run(SuiteRunnerWorker.java:96)
at org.testng.TestNG.runSuitesSequentially(TestNG.java:1187)
at org.testng.TestNG.runSuitesLocally(TestNG.java:1109)
at org.testng.TestNG.runSuites(TestNG.java:1039)
at org.testng.TestNG.run(TestNG.java:1007)
at org.testng.remote.AbstractRemoteTestNG.run(AbstractRemoteTestNG.java:115)
at org.testng.remote.RemoteTestNG.initAndRun(RemoteTestNG.java:251)
at org.testng.remote.RemoteTestNG.main(RemoteTestNG.java:77)
]]>
            </full-stacktrace>
          </exception> <!-- java.lang.AssertionError -->
          <reporter-output>
          </reporter-output>
        </test-method> <!-- courseNameTest -->
        <test-method status="PASS" signature="tearDown()[pri:0, instance:MyFirstProject.ValidateTitle@59505b48]" name="tearDown" is-config="true" duration-ms="1073" started-at="2020-08-02T17:44:29 IST" finished-at="2020-08-02T17:44:30 IST">
          <reporter-output>
          </reporter-output>
        </test-method> <!-- tearDown -->
      </class> <!-- MyFirstProject.ValidateTitle -->
    </test> <!-- Validating Title -->
    <test name="Validating Navigation" duration-ms="17642" started-at="2020-08-02T17:44:30 IST" finished-at="2020-08-02T17:44:48 IST">
      <class name="MyFirstProject.ValidateNavigation">
        <test-method status="PASS" signature="initilization()[pri:0, instance:MyFirstProject.ValidateNavigation@72e5a8e]" name="initilization" is-config="true" duration-ms="17143" started-at="2020-08-02T17:44:30 IST" finished-at="2020-08-02T17:44:47 IST">
          <reporter-output>
          </reporter-output>
        </test-method> <!-- initilization -->
        <test-method status="PASS" signature="cantactbtnTest()[pri:0, instance:MyFirstProject.ValidateNavigation@72e5a8e]" name="cantactbtnTest" duration-ms="166" started-at="2020-08-02T17:44:47 IST" finished-at="2020-08-02T17:44:47 IST">
          <reporter-output>
          </reporter-output>
        </test-method> <!-- cantactbtnTest -->
        <test-method status="PASS" signature="tearDown()[pri:0, instance:MyFirstProject.ValidateNavigation@72e5a8e]" name="tearDown" is-config="true" duration-ms="331" started-at="2020-08-02T17:44:47 IST" finished-at="2020-08-02T17:44:48 IST">
          <reporter-output>
          </reporter-output>
        </test-method> <!-- tearDown -->
      </class> <!-- MyFirstProject.ValidateNavigation -->
    </test> <!-- Validating Navigation -->
  </suite> <!-- Suite -->
</testng-results>
